2026-06-21 13:14:49 | INFO    | 📥 正在入库剧情脉络与人物图谱...
2026-06-21 13:14:49 | INFO    |    ✅ [阶段A战报] 剧情表(plot_arcs)新增: 63 条 | 图谱新增人物节点: 22 个
2026-06-21 13:14:49 | INFO    | 📥 正在入库写作技法...
2026-06-21 13:14:53 | INFO    |    ✅ [阶段B战报] 技法表(skills)新增: 188 条 | 向量库(novel_skills)新增: 188 条
2026-06-21 13:14:53 | INFO    | 📥 正在入库文风指纹与感官映射...
2026-06-21 13:14:55 | INFO    | 📥 正在入库经典文风典例...
2026-06-21 13:14:56 | INFO    |    ✅ [阶段C战报] 指纹表(fingerprints)新增: 61 条 | 感官表(sensory)新增: 123 条
2026-06-21 13:14:56 | INFO    |       ↳ 向量库(sensory)新增: 123 条 | 向量库(典例excerpts)新增: 61 条
2026-06-21 13:14:56 | INFO    | 
2026-06-21 13:14:56 | INFO    | ==================================================
2026-06-21 13:14:56 | INFO    | 🏆 《小毒物》 终极入库战报汇总：
2026-06-21 13:14:56 | INFO    |    📊 SQLite 关系库总计新增: 435 条
2026-06-21 13:14:56 | INFO    |    🧠 ChromaDB 向量库总计新增: 372 条
2026-06-21 13:14:56 | INFO    | ==================================================
2026-06-21 13:14:56 | INFO    | ✅ 所有数据入库完成！
2026-06-22 02:16:09 | INFO    | 📥 正在入库剧情脉络与人物图谱...
2026-06-22 02:16:09 | INFO    |    ✅ [阶段A战报] 剧情表(plot_arcs)新增: 726 条 | 图谱新增人物节点: 242 个
2026-06-22 02:16:09 | INFO    | 📥 正在入库写作技法...
2026-06-22 02:16:41 | INFO    |    ✅ [阶段B战报] 技法表(skills)新增: 1918 条 | 向量库(novel_skills)新增: 1918 条
2026-06-22 02:16:41 | INFO    | 📥 正在入库文风指纹与感官映射...
2026-06-22 02:44:19 | INFO    | 📥 正在入库剧情脉络与人物图谱...
2026-06-22 02:44:19 | INFO    |    ✅ [阶段A战报] 剧情表(plot_arcs)新增: 47 条 | 图谱新增人物节点: 22 个
2026-06-22 02:44:19 | INFO    | 📥 正在入库写作技法...
2026-06-22 02:44:22 | INFO    |    ✅ [阶段B战报] 技法表(skills)新增: 141 条 | 向量库(novel_skills)新增: 141 条
2026-06-22 02:44:22 | INFO    | 📥 正在入库文风指纹与感官映射...
2026-06-22 02:44:23 | INFO    | 📥 正在入库经典文风典例...
2026-06-22 02:44:24 | INFO    |    ✅ [阶段C战报] 指纹表(fingerprints)新增: 47 条 | 感官表(sensory)新增: 94 条
2026-06-22 02:44:24 | INFO    |       ↳ 向量库(sensory)新增: 94 条 | 向量库(典例excerpts)新增: 51 条
2026-06-22 02:44:24 | INFO    | 
2026-06-22 02:44:24 | INFO    | ==================================================
2026-06-22 02:44:24 | INFO    | 🏆 《当老祖宗变成万人迷》 终极入库战报汇总：
2026-06-22 02:44:24 | INFO    |    📊 SQLite 关系库总计新增: 329 条
2026-06-22 02:44:24 | INFO    |    🧠 ChromaDB 向量库总计新增: 286 条
2026-06-22 02:44:24 | INFO    | ==================================================
2026-06-22 02:44:24 | INFO    | ✅ 所有数据入库完成！
2026-06-22 04:18:29 | INFO    | 📥 正在入库剧情脉络与人物图谱...
2026-06-22 04:18:29 | INFO    |    ✅ [阶段A战报] 剧情表(plot_arcs)新增: 144 条 | 图谱新增人物节点: 85 个
2026-06-22 04:18:29 | INFO    | 📥 正在入库写作技法...
2026-06-22 04:18:36 | INFO    |    ✅ [阶段B战报] 技法表(skills)新增: 433 条 | 向量库(novel_skills)新增: 433 条
2026-06-22 04:18:36 | INFO    | 📥 正在入库文风指纹与感官映射...
2026-06-22 04:18:41 | INFO    | 📥 正在入库经典文风典例...
2026-06-22 04:18:44 | INFO    |    ✅ [阶段C战报] 指纹表(fingerprints)新增: 144 条 | 感官表(sensory)新增: 290 条
2026-06-22 04:18:44 | INFO    |       ↳ 向量库(sensory)新增: 290 条 | 向量库(典例excerpts)新增: 145 条
2026-06-22 04:18:44 | INFO    | 
2026-06-22 04:18:44 | INFO    | ==================================================
2026-06-22 04:18:44 | INFO    | 🏆 《快穿之万人迷Ⅱ》 终极入库战报汇总：
2026-06-22 04:18:44 | INFO    |    📊 SQLite 关系库总计新增: 1011 条
2026-06-22 04:18:44 | INFO    |    🧠 ChromaDB 向量库总计新增: 868 条
2026-06-22 04:18:44 | INFO    | ==================================================
2026-06-22 04:18:44 | INFO    | ✅ 所有数据入库完成！
2026-06-22 05:16:15 | INFO    | 📥 正在入库剧情脉络与人物图谱...
2026-06-22 05:16:15 | INFO    |    ✅ [阶段A战报] 剧情表(plot_arcs)新增: 91 条 | 图谱新增人物节点: 45 个
2026-06-22 05:16:15 | INFO    | 📥 正在入库写作技法...
2026-06-22 05:16:20 | INFO    |    ✅ [阶段B战报] 技法表(skills)新增: 273 条 | 向量库(novel_skills)新增: 273 条
2026-06-22 05:16:20 | INFO    | 📥 正在入库文风指纹与感官映射...
2026-06-22 05:16:23 | INFO    | 📥 正在入库经典文风典例...
2026-06-22 05:16:25 | INFO    |    ✅ [阶段C战报] 指纹表(fingerprints)新增: 91 条 | 感官表(sensory)新增: 186 条
2026-06-22 05:16:25 | INFO    |       ↳ 向量库(sensory)新增: 186 条 | 向量库(典例excerpts)新增: 97 条
2026-06-22 05:16:25 | INFO    | 
2026-06-22 05:16:25 | INFO    | ==================================================
2026-06-22 05:16:25 | INFO    | 🏆 《快穿之万人迷》 终极入库战报汇总：
2026-06-22 05:16:25 | INFO    |    📊 SQLite 关系库总计新增: 641 条
2026-06-22 05:16:25 | INFO    |    🧠 ChromaDB 向量库总计新增: 556 条
2026-06-22 05:16:25 | INFO    | ==================================================
2026-06-22 05:16:25 | INFO    | ✅ 所有数据入库完成！
2026-06-22 07:01:50 | INFO    | 📥 正在入库剧情脉络与人物图谱...
2026-06-22 07:01:50 | INFO    |    ✅ [阶段A战报] 剧情表(plot_arcs)新增: 179 条 | 图谱新增人物节点: 36 个
2026-06-22 07:01:50 | INFO    | 📥 正在入库写作技法...
2026-06-22 07:01:59 | INFO    |    ✅ [阶段B战报] 技法表(skills)新增: 527 条 | 向量库(novel_skills)新增: 527 条
2026-06-22 07:01:59 | INFO    | 📥 正在入库文风指纹与感官映射...
2026-06-22 07:02:05 | INFO    | 📥 正在入库经典文风典例...
2026-06-22 07:02:08 | INFO    |    ✅ [阶段C战报] 指纹表(fingerprints)新增: 179 条 | 感官表(sensory)新增: 339 条
2026-06-22 07:02:08 | INFO    |       ↳ 向量库(sensory)新增: 339 条 | 向量库(典例excerpts)新增: 178 条
2026-06-22 07:02:08 | INFO    | 
2026-06-22 07:02:08 | INFO    | ==================================================
2026-06-22 07:02:08 | INFO    | 🏆 《我抢了姐姐七任男友》 终极入库战报汇总：
2026-06-22 07:02:08 | INFO    |    📊 SQLite 关系库总计新增: 1224 条
2026-06-22 07:02:08 | INFO    |    🧠 ChromaDB 向量库总计新增: 1044 条
2026-06-22 07:02:08 | INFO    | ==================================================
2026-06-22 07:02:08 | INFO    | ✅ 所有数据入库完成！
2026-06-22 07:38:57 | INFO    | 📥 正在入库剧情脉络与人物图谱...
2026-06-22 07:38:57 | INFO    |    ✅ [阶段A战报] 剧情表(plot_arcs)新增: 76 条 | 图谱新增人物节点: 23 个
2026-06-22 07:38:57 | INFO    | 📥 正在入库写作技法...
2026-06-22 07:39:01 | INFO    |    ✅ [阶段B战报] 技法表(skills)新增: 226 条 | 向量库(novel_skills)新增: 226 条
2026-06-22 07:39:01 | INFO    | 📥 正在入库文风指纹与感官映射...
2026-06-22 07:39:03 | INFO    | 📥 正在入库经典文风典例...
2026-06-22 07:39:05 | INFO    |    ✅ [阶段C战报] 指纹表(fingerprints)新增: 75 条 | 感官表(sensory)新增: 151 条
2026-06-22 07:39:05 | INFO    |       ↳ 向量库(sensory)新增: 151 条 | 向量库(典例excerpts)新增: 73 条
2026-06-22 07:39:05 | INFO    | 
2026-06-22 07:39:05 | INFO    | ==================================================
2026-06-22 07:39:05 | INFO    | 🏆 《掌上弃珠》 终极入库战报汇总：
2026-06-22 07:39:05 | INFO    |    📊 SQLite 关系库总计新增: 528 条
2026-06-22 07:39:05 | INFO    |    🧠 ChromaDB 向量库总计新增: 450 条
2026-06-22 07:39:05 | INFO    | ==================================================
2026-06-22 07:39:05 | INFO    | ✅ 所有数据入库完成！
2026-06-22 09:13:22 | INFO    | 📥 正在入库剧情脉络与人物图谱...
2026-06-22 09:13:22 | INFO    |    ✅ [阶段A战报] 剧情表(plot_arcs)新增: 158 条 | 图谱新增人物节点: 28 个
2026-06-22 09:13:22 | INFO    | 📥 正在入库写作技法...
2026-06-22 09:57:42 | INFO    | 📥 正在入库剧情脉络与人物图谱...
2026-06-22 09:57:42 | INFO    |    ✅ [阶段A战报] 剧情表(plot_arcs)新增: 80 条 | 图谱新增人物节点: 39 个
2026-06-22 09:57:42 | INFO    | 📥 正在入库写作技法...
2026-06-22 09:57:46 | INFO    |    ✅ [阶段B战报] 技法表(skills)新增: 240 条 | 向量库(novel_skills)新增: 240 条
2026-06-22 09:57:46 | INFO    | 📥 正在入库文风指纹与感官映射...
2026-06-22 09:57:48 | INFO    | 📥 正在入库经典文风典例...
2026-06-22 09:57:50 | INFO    |    ✅ [阶段C战报] 指纹表(fingerprints)新增: 80 条 | 感官表(sensory)新增: 155 条
2026-06-22 09:57:50 | INFO    |       ↳ 向量库(sensory)新增: 155 条 | 向量库(典例excerpts)新增: 83 条
2026-06-22 09:57:50 | INFO    | 
2026-06-22 09:57:50 | INFO    | ==================================================
2026-06-22 09:57:50 | INFO    | 🏆 《朕的后宫佳丽三千》 终极入库战报汇总：
2026-06-22 09:57:50 | INFO    |    📊 SQLite 关系库总计新增: 555 条
2026-06-22 09:57:50 | INFO    |    🧠 ChromaDB 向量库总计新增: 478 条
2026-06-22 09:57:50 | INFO    | ==================================================
2026-06-22 09:57:50 | INFO    | ✅ 所有数据入库完成！
2026-06-22 10:09:44 | INFO    | 📥 正在入库剧情脉络与人物图谱...
2026-06-22 10:09:44 | INFO    |    ✅ [阶段A战报] 剧情表(plot_arcs)新增: 24 条 | 图谱新增人物节点: 13 个
2026-06-22 10:09:44 | INFO    | 📥 正在入库写作技法...
2026-06-22 10:09:45 | INFO    |    ✅ [阶段B战报] 技法表(skills)新增: 72 条 | 向量库(novel_skills)新增: 72 条
2026-06-22 10:09:45 | INFO    | 📥 正在入库文风指纹与感官映射...
2026-06-22 10:09:46 | INFO    | 📥 正在入库经典文风典例...
2026-06-22 10:09:47 | INFO    |    ✅ [阶段C战报] 指纹表(fingerprints)新增: 24 条 | 感官表(sensory)新增: 49 条
2026-06-22 10:09:47 | INFO    |       ↳ 向量库(sensory)新增: 49 条 | 向量库(典例excerpts)新增: 26 条
2026-06-22 10:09:47 | INFO    | 
2026-06-22 10:09:47 | INFO    | ==================================================
2026-06-22 10:09:47 | INFO    | 🏆 《海盗的灯塔》 终极入库战报汇总：
2026-06-22 10:09:47 | INFO    |    📊 SQLite 关系库总计新增: 169 条
2026-06-22 10:09:47 | INFO    |    🧠 ChromaDB 向量库总计新增: 147 条
2026-06-22 10:09:47 | INFO    | ==================================================
2026-06-22 10:09:47 | INFO    | ✅ 所有数据入库完成！
2026-06-22 10:16:06 | INFO    | 📥 正在入库剧情脉络与人物图谱...
2026-06-22 10:16:06 | INFO    |    ✅ [阶段A战报] 剧情表(plot_arcs)新增: 10 条 | 图谱新增人物节点: 13 个
2026-06-22 10:16:06 | INFO    | 📥 正在入库写作技法...
2026-06-22 10:16:07 | INFO    |    ✅ [阶段B战报] 技法表(skills)新增: 30 条 | 向量库(novel_skills)新增: 30 条
2026-06-22 10:16:07 | INFO    | 📥 正在入库文风指纹与感官映射...
2026-06-22 10:16:07 | INFO    | 📥 正在入库经典文风典例...
2026-06-22 10:16:08 | INFO    |    ✅ [阶段C战报] 指纹表(fingerprints)新增: 10 条 | 感官表(sensory)新增: 19 条
2026-06-22 10:16:08 | INFO    |       ↳ 向量库(sensory)新增: 19 条 | 向量库(典例excerpts)新增: 10 条
2026-06-22 10:16:08 | INFO    | 
2026-06-22 10:16:08 | INFO    | ==================================================
2026-06-22 10:16:08 | INFO    | 🏆 《涂山歌》 终极入库战报汇总：
2026-06-22 10:16:08 | INFO    |    📊 SQLite 关系库总计新增: 69 条
2026-06-22 10:16:08 | INFO    |    🧠 ChromaDB 向量库总计新增: 59 条
2026-06-22 10:16:08 | INFO    | ==================================================
2026-06-22 10:16:08 | INFO    | ✅ 所有数据入库完成！
2026-06-22 10:47:18 | INFO    | 📥 正在入库剧情脉络与人物图谱...
2026-06-22 10:47:18 | INFO    |    ✅ [阶段A战报] 剧情表(plot_arcs)新增: 57 条 | 图谱新增人物节点: 32 个
2026-06-22 10:47:18 | INFO    | 📥 正在入库写作技法...
2026-06-22 10:47:21 | INFO    |    ✅ [阶段B战报] 技法表(skills)新增: 171 条 | 向量库(novel_skills)新增: 171 条
2026-06-22 10:47:21 | INFO    | 📥 正在入库文风指纹与感官映射...
2026-06-22 10:47:23 | INFO    | 📥 正在入库经典文风典例...
2026-06-22 10:47:24 | INFO    |    ✅ [阶段C战报] 指纹表(fingerprints)新增: 57 条 | 感官表(sensory)新增: 112 条
2026-06-22 10:47:24 | INFO    |       ↳ 向量库(sensory)新增: 112 条 | 向量库(典例excerpts)新增: 60 条
2026-06-22 10:47:24 | INFO    | 
2026-06-22 10:47:24 | INFO    | ==================================================
2026-06-22 10:47:24 | INFO    | 🏆 《渣受过来，我不打你》 终极入库战报汇总：
2026-06-22 10:47:24 | INFO    |    📊 SQLite 关系库总计新增: 397 条
2026-06-22 10:47:24 | INFO    |    🧠 ChromaDB 向量库总计新增: 343 条
2026-06-22 10:47:24 | INFO    | ==================================================
2026-06-22 10:47:24 | INFO    | ✅ 所有数据入库完成！
2026-06-22 11:06:52 | INFO    | 📥 正在入库剧情脉络与人物图谱...
2026-06-22 11:06:52 | INFO    |    ✅ [阶段A战报] 剧情表(plot_arcs)新增: 33 条 | 图谱新增人物节点: 14 个
2026-06-22 11:06:52 | INFO    | 📥 正在入库写作技法...
2026-06-22 11:06:53 | INFO    |    ✅ [阶段B战报] 技法表(skills)新增: 93 条 | 向量库(novel_skills)新增: 93 条
2026-06-22 11:06:53 | INFO    | 📥 正在入库文风指纹与感官映射...
2026-06-22 11:06:54 | INFO    | 📥 正在入库经典文风典例...
2026-06-22 11:06:55 | INFO    |    ✅ [阶段C战报] 指纹表(fingerprints)新增: 33 条 | 感官表(sensory)新增: 58 条
2026-06-22 11:06:55 | INFO    |       ↳ 向量库(sensory)新增: 58 条 | 向量库(典例excerpts)新增: 35 条
2026-06-22 11:06:55 | INFO    | 
2026-06-22 11:06:55 | INFO    | ==================================================
2026-06-22 11:06:55 | INFO    | 🏆 《穿越之采花贼》 终极入库战报汇总：
2026-06-22 11:06:55 | INFO    |    📊 SQLite 关系库总计新增: 217 条
2026-06-22 11:06:55 | INFO    |    🧠 ChromaDB 向量库总计新增: 186 条
2026-06-22 11:06:55 | INFO    | ==================================================
2026-06-22 11:06:55 | INFO    | ✅ 所有数据入库完成！
2026-06-22 15:06:42 | INFO    | 📥 正在入库剧情脉络与人物图谱...
2026-06-22 15:06:42 | INFO    |    ✅ [阶段A战报] 剧情表(plot_arcs)新增: 314 条 | 图谱新增人物节点: 97 个
2026-06-22 15:06:42 | INFO    | 📥 正在入库写作技法...
2026-06-22 15:06:56 | INFO    |    ✅ [阶段B战报] 技法表(skills)新增: 847 条 | 向量库(novel_skills)新增: 847 条
2026-06-22 15:06:56 | INFO    | 📥 正在入库文风指纹与感官映射...
2026-06-22 15:07:06 | INFO    | 📥 正在入库经典文风典例...
2026-06-22 15:07:12 | INFO    |    ✅ [阶段C战报] 指纹表(fingerprints)新增: 309 条 | 感官表(sensory)新增: 607 条
2026-06-22 15:07:12 | INFO    |       ↳ 向量库(sensory)新增: 607 条 | 向量库(典例excerpts)新增: 303 条
2026-06-22 15:07:12 | INFO    | 
2026-06-22 15:07:12 | INFO    | ==================================================
2026-06-22 15:07:12 | INFO    | 🏆 《穿进万人迷文的我人设崩了》 终极入库战报汇总：
2026-06-22 15:07:12 | INFO    |    📊 SQLite 关系库总计新增: 2077 条
2026-06-22 15:07:12 | INFO    |    🧠 ChromaDB 向量库总计新增: 1757 条
2026-06-22 15:07:12 | INFO    | ==================================================
2026-06-22 15:07:12 | INFO    | ✅ 所有数据入库完成！
2026-06-22 15:27:50 | INFO    | 📥 正在入库剧情脉络与人物图谱...
2026-06-22 15:27:50 | INFO    |    ✅ [阶段A战报] 剧情表(plot_arcs)新增: 40 条 | 图谱新增人物节点: 26 个
2026-06-22 15:27:50 | INFO    | 📥 正在入库写作技法...
2026-06-22 15:27:52 | INFO    |    ✅ [阶段B战报] 技法表(skills)新增: 121 条 | 向量库(novel_skills)新增: 121 条
2026-06-22 15:27:52 | INFO    | 📥 正在入库文风指纹与感官映射...
2026-06-22 15:27:54 | INFO    | 📥 正在入库经典文风典例...
2026-06-22 15:27:54 | INFO    |    ✅ [阶段C战报] 指纹表(fingerprints)新增: 40 条 | 感官表(sensory)新增: 82 条
2026-06-22 15:27:54 | INFO    |       ↳ 向量库(sensory)新增: 82 条 | 向量库(典例excerpts)新增: 41 条
2026-06-22 15:27:54 | INFO    | 
2026-06-22 15:27:54 | INFO    | ==================================================
2026-06-22 15:27:54 | INFO    | 🏆 《耽美进化论》 终极入库战报汇总：
2026-06-22 15:27:54 | INFO    |    📊 SQLite 关系库总计新增: 283 条
2026-06-22 15:27:54 | INFO    |    🧠 ChromaDB 向量库总计新增: 244 条
2026-06-22 15:27:54 | INFO    | ==================================================
2026-06-22 15:27:54 | INFO    | ✅ 所有数据入库完成！
2026-06-22 16:30:38 | INFO    | 📥 正在入库剧情脉络与人物图谱...
2026-06-22 16:30:38 | INFO    |    ✅ [阶段A战报] 剧情表(plot_arcs)新增: 102 条 | 图谱新增人物节点: 24 个
2026-06-22 16:30:38 | INFO    | 📥 正在入库写作技法...
2026-06-22 16:30:43 | INFO    |    ✅ [阶段B战报] 技法表(skills)新增: 301 条 | 向量库(novel_skills)新增: 301 条
2026-06-22 16:30:43 | INFO    | 📥 正在入库文风指纹与感官映射...
2026-06-22 16:30:46 | INFO    | 📥 正在入库经典文风典例...
2026-06-22 16:30:48 | INFO    |    ✅ [阶段C战报] 指纹表(fingerprints)新增: 101 条 | 感官表(sensory)新增: 197 条
2026-06-22 16:30:48 | INFO    |       ↳ 向量库(sensory)新增: 197 条 | 向量库(典例excerpts)新增: 103 条
2026-06-22 16:30:48 | INFO    | 
2026-06-22 16:30:48 | INFO    | ==================================================
2026-06-22 16:30:48 | INFO    | 🏆 《被厌弃的白月光》 终极入库战报汇总：
2026-06-22 16:30:48 | INFO    |    📊 SQLite 关系库总计新增: 701 条
2026-06-22 16:30:48 | INFO    |    🧠 ChromaDB 向量库总计新增: 601 条
2026-06-22 16:30:48 | INFO    | ==================================================
2026-06-22 16:30:48 | INFO    | ✅ 所有数据入库完成！
2026-06-22 17:01:44 | INFO    | 📥 正在入库剧情脉络与人物图谱...
2026-06-22 17:01:44 | INFO    |    ✅ [阶段A战报] 剧情表(plot_arcs)新增: 52 条 | 图谱新增人物节点: 17 个
2026-06-22 17:01:44 | INFO    | 📥 正在入库写作技法...
2026-06-22 17:01:46 | INFO    |    ✅ [阶段B战报] 技法表(skills)新增: 154 条 | 向量库(novel_skills)新增: 154 条
2026-06-22 17:01:46 | INFO    | 📥 正在入库文风指纹与感官映射...
2026-06-22 17:01:48 | INFO    | 📥 正在入库经典文风典例...
2026-06-22 17:01:49 | INFO    |    ✅ [阶段C战报] 指纹表(fingerprints)新增: 52 条 | 感官表(sensory)新增: 110 条
2026-06-22 17:01:49 | INFO    |       ↳ 向量库(sensory)新增: 110 条 | 向量库(典例excerpts)新增: 52 条
2026-06-22 17:01:49 | INFO    | 
2026-06-22 17:01:49 | INFO    | ==================================================
2026-06-22 17:01:49 | INFO    | 🏆 《见你我也着迷》 终极入库战报汇总：
2026-06-22 17:01:49 | INFO    |    📊 SQLite 关系库总计新增: 368 条
2026-06-22 17:01:49 | INFO    |    🧠 ChromaDB 向量库总计新增: 316 条
2026-06-22 17:01:49 | INFO    | ==================================================
2026-06-22 17:01:49 | INFO    | ✅ 所有数据入库完成！
2026-06-22 17:53:58 | INFO    | 📥 正在入库剧情脉络与人物图谱...
2026-06-22 17:53:58 | INFO    |    ✅ [阶段A战报] 剧情表(plot_arcs)新增: 90 条 | 图谱新增人物节点: 38 个
2026-06-22 17:53:58 | INFO    | 📥 正在入库写作技法...
2026-06-22 17:54:03 | INFO    |    ✅ [阶段B战报] 技法表(skills)新增: 267 条 | 向量库(novel_skills)新增: 267 条
2026-06-22 17:54:03 | INFO    | 📥 正在入库文风指纹与感官映射...
2026-06-22 17:54:06 | INFO    | 📥 正在入库经典文风典例...
2026-06-22 17:54:07 | INFO    |    ✅ [阶段C战报] 指纹表(fingerprints)新增: 90 条 | 感官表(sensory)新增: 178 条
2026-06-22 17:54:07 | INFO    |       ↳ 向量库(sensory)新增: 178 条 | 向量库(典例excerpts)新增: 93 条
2026-06-22 17:54:07 | INFO    | 
2026-06-22 17:54:07 | INFO    | ==================================================
2026-06-22 17:54:07 | INFO    | 🏆 《贵妾》 终极入库战报汇总：
2026-06-22 17:54:07 | INFO    |    📊 SQLite 关系库总计新增: 625 条
2026-06-22 17:54:07 | INFO    |    🧠 ChromaDB 向量库总计新增: 538 条
2026-06-22 17:54:07 | INFO    | ==================================================
2026-06-22 17:54:07 | INFO    | ✅ 所有数据入库完成！
2026-06-22 19:26:30 | INFO    | 📥 正在入库剧情脉络与人物图谱...
2026-06-22 19:26:30 | INFO    |    ✅ [阶段A战报] 剧情表(plot_arcs)新增: 155 条 | 图谱新增人物节点: 34 个
2026-06-22 19:26:30 | INFO    | 📥 正在入库写作技法...
2026-06-22 19:26:38 | INFO    |    ✅ [阶段B战报] 技法表(skills)新增: 457 条 | 向量库(novel_skills)新增: 457 条
2026-06-22 19:26:38 | INFO    | 📥 正在入库文风指纹与感官映射...
2026-06-22 19:26:42 | INFO    | 📥 正在入库经典文风典例...
2026-06-22 19:26:45 | INFO    |    ✅ [阶段C战报] 指纹表(fingerprints)新增: 155 条 | 感官表(sensory)新增: 291 条
2026-06-22 19:26:45 | INFO    |       ↳ 向量库(sensory)新增: 291 条 | 向量库(典例excerpts)新增: 156 条
2026-06-22 19:26:45 | INFO    | 
2026-06-22 19:26:45 | INFO    | ==================================================
2026-06-22 19:26:45 | INFO    | 🏆 《霸总他每天都在逼金丝雀读书》 终极入库战报汇总：
2026-06-22 19:26:45 | INFO    |    📊 SQLite 关系库总计新增: 1058 条
2026-06-22 19:26:45 | INFO    |    🧠 ChromaDB 向量库总计新增: 904 条
2026-06-22 19:26:45 | INFO    | ==================================================
2026-06-22 19:26:45 | INFO    | ✅ 所有数据入库完成！
